


ARM Macro Assembler    Page 1 


    1 00000000         ;*******************************************************
                       ************************
    2 00000000         ;* File Name          : TI_Board_IO.s
    3 00000000         ;* Author             : Tobias Jaehnichen
    4 00000000         ;* Version            : V1.0
    5 00000000         ;* Date               : 21.03.2017
    6 00000000         ;* Description        : Definition of memory-adresses fo
                       r use of GPIO and ADC
    7 00000000         ;       : of the TI-C-Board in assembler projects
    8 00000000         ;  27.03.2017         : Silke Behn, timer Einstellungen 
                       ergaenzt
    9 00000000         ;
   10 00000000         ;*******************************************************
                       ************************
   11 00000000                 PRESERVE8
   12 00000000         
   13 00000000                 IMPORT           TFT_cursor_off
   14 00000000                 IMPORT           TFT_cls
   15 00000000         
   16 00000000         
   17 00000000                 GLOBAL           GPIO_G_SET [WEAK]
   18 00000000                 GLOBAL           GPIO_G_CLR [WEAK]
   19 00000000                 GLOBAL           GPIO_G_PIN [WEAK]
   20 00000000                 GLOBAL           GPIO_E_PIN [WEAK]
   21 00000000                 GLOBAL           ADC3_DR  [WEAK]
   22 00000000                 GLOBAL           timer     [WEAK]
   23 00000000         
   24 00000000         
   25 00000000 40000000 
                       PERIPH_BASE
                               equ              0x40000000
   26 00000000 40010000 
                       APB2PERIPH_BASE
                               equ              (PERIPH_BASE + 0x00010000)
   27 00000000 40020000 
                       AHB1PERIPH_BASE
                               equ              (PERIPH_BASE + 0x00020000)
   28 00000000         
   29 00000000 40023800 
                       RCC_BASE
                               equ              0x40023800
   30 00000000 00000040 
                       APB1ENR equ              0x40
   31 00000000 00000020 
                       RCC_APB1Periph_TIM7
                               equ              0x20
   32 00000000         
   33 00000000         
   34 00000000         ;blaue LEDs: output
   35 00000000 40021800 
                       GPIOG_BASE
                               equ              (AHB1PERIPH_BASE + 0x1800)
   36 00000000 40021818 
                       GPIO_G_SET
                               equ              GPIOG_BASE + 0x18
   37 00000000 4002181A 
                       GPIO_G_CLR
                               equ              GPIOG_BASE + 0x1A
   38 00000000 40021810 



ARM Macro Assembler    Page 2 


                       GPIO_G_PIN
                               equ              GPIOG_BASE + 0x10
   39 00000000         
   40 00000000         ;rote LEDs / Taster: input
   41 00000000 40021000 
                       GPIOE_BASE
                               equ              (AHB1PERIPH_BASE + 0x1000)
   42 00000000 40021010 
                       GPIO_E_PIN
                               equ              GPIOE_BASE + 0x10
   43 00000000         
   44 00000000         
   45 00000000         ;
   46 00000000 40012200 
                       ADC3_BASE
                               equ              (APB2PERIPH_BASE + 0x2200)
   47 00000000 4001224C 
                       ADC3_DR equ              ADC3_BASE + 0x4C
   48 00000000         
   49 00000000         ; Timer 
   50 00000000 40001400 
                       timer7_base
                               equ              0x40001400
   51 00000000 00000000 
                       TIMx_CR1
                               equ              0x00
   52 00000000 00000004 
                       TIMx_CR2
                               equ              0x04
   53 00000000 0000000C 
                       TIMx_DIER
                               equ              0x0C
   54 00000000 00000010 
                       TIMx_SR equ              0x10
   55 00000000 00000014 
                       TIMx_EGR
                               equ              0x14
   56 00000000 00000024 
                       TIMx_CNT
                               equ              0x24
   57 00000000 00000028 
                       TIMx_PSC
                               equ              0x28
   58 00000000 0000002C 
                       TIMx_ARR
                               equ              0x2C
   59 00000000         
   60 00000000 40001424 
                       timer   equ              timer7_base+TIMx_CNT
   61 00000000         
   62 00000000                 AREA             mycode,CODE
   63 00000000         ;
   64 00000000         ; Unterprogramm zum Initialisieren der Hardware
   65 00000000         ; LCD: Loeschen und Ausschalten des Cursors
   66 00000000         ; TIMER2: Starten, Kontinuierliches Zaehlen mit einer Fr
                       equenz von 100kHz
   67 00000000         ; Ueberlauf nach 715 Minuten
   68 00000000         ;
   69 00000000         



ARM Macro Assembler    Page 3 


   70 00000000                 GLOBAL           initHW
   71 00000000         
   72 00000000         
   73 00000000         initHW
   74 00000000 B500            push             {lr}
   75 00000002         
   76 00000002         
   77 00000002         ;
   78 00000002         ; Init Timer7
   79 00000002         ;
   80 00000002 480B            ldr              r0,=RCC_BASE
   81 00000004 6C01            ldr              r1,[r0,#APB1ENR]
   82 00000006 F041 0120       orr              r1,#RCC_APB1Periph_TIM7
   83 0000000A 6401            str              r1,[r0,#APB1ENR]
   84 0000000C         
   85 0000000C 4809            ldr              r0,=timer7_base
   86 0000000E F240 3147       ldr              r1,=168000000/2/100000 - 1
   87 00000012 6281            str              r1,[r0,#TIMx_PSC]
   88 00000014 F64F 71FF       ldr              r1,=0xffff
   89 00000018 62C1            str              r1,[r0,#TIMx_ARR]
   90 0000001A F04F 0101       ldr              r1,=1
   91 0000001E 6141            str              r1,[r0,#TIMx_EGR]
   92 00000020 F04F 0101       ldr              r1,=1
   93 00000024 6001            str              r1,[r0,#TIMx_CR1]
   94 00000026         
   95 00000026         
   96 00000026         ;
   97 00000026         ;  Init LCD
   98 00000026         ;
   99 00000026 F7FF FFFE       bl               TFT_cursor_off
  100 0000002A F7FF FFFE       bl               TFT_cls
  101 0000002E         
  102 0000002E BD00            pop              {pc}
  103 00000030         
  104 00000030                 ALIGN
  105 00000030                 END
              40023800 
              40001400 
Command Line: --debug --xref --diag_suppress=9931 --cpu=Cortex-M4.fp --apcs=int
erwork --depend=.\objects\ti_board_io_asm.d -o.\objects\ti_board_io_asm.o -IC:\
Keil_v5\ARM\RV31\INC -IC:\Keil_v5\ARM\CMSIS\Include -IC:\Keil_v5\ARM\Inc\ST\STM
32F4xx --predefine="__EVAL SETA 1" --predefine="__UVISION_VERSION SETA 523" --l
ist=.\listings\ti_board_io_asm.lst TI_BRD_LIB\TI-C_Board\TI_Board_IO_asm.s



ARM Macro Assembler    Page 1 Alphabetic symbol ordering
Relocatable symbols

initHW 00000000

Symbol: initHW
   Definitions
      At line 73 in file TI_BRD_LIB\TI-C_Board\TI_Board_IO_asm.s
   Uses
      At line 70 in file TI_BRD_LIB\TI-C_Board\TI_Board_IO_asm.s
Comment: initHW used once
mycode 00000000

Symbol: mycode
   Definitions
      At line 62 in file TI_BRD_LIB\TI-C_Board\TI_Board_IO_asm.s
   Uses
      None
Comment: mycode unused
2 symbols



ARM Macro Assembler    Page 1 Alphabetic symbol ordering
Absolute symbols

ADC3_BASE 40012200

Symbol: ADC3_BASE
   Definitions
      At line 46 in file TI_BRD_LIB\TI-C_Board\TI_Board_IO_asm.s
   Uses
      At line 47 in file TI_BRD_LIB\TI-C_Board\TI_Board_IO_asm.s
Comment: ADC3_BASE used once
ADC3_DR 4001224C

Symbol: ADC3_DR
   Definitions
      At line 47 in file TI_BRD_LIB\TI-C_Board\TI_Board_IO_asm.s
   Uses
      At line 21 in file TI_BRD_LIB\TI-C_Board\TI_Board_IO_asm.s
Comment: ADC3_DR used once
AHB1PERIPH_BASE 40020000

Symbol: AHB1PERIPH_BASE
   Definitions
      At line 27 in file TI_BRD_LIB\TI-C_Board\TI_Board_IO_asm.s
   Uses
      At line 35 in file TI_BRD_LIB\TI-C_Board\TI_Board_IO_asm.s
      At line 41 in file TI_BRD_LIB\TI-C_Board\TI_Board_IO_asm.s

APB1ENR 00000040

Symbol: APB1ENR
   Definitions
      At line 30 in file TI_BRD_LIB\TI-C_Board\TI_Board_IO_asm.s
   Uses
      At line 81 in file TI_BRD_LIB\TI-C_Board\TI_Board_IO_asm.s
      At line 83 in file TI_BRD_LIB\TI-C_Board\TI_Board_IO_asm.s

APB2PERIPH_BASE 40010000

Symbol: APB2PERIPH_BASE
   Definitions
      At line 26 in file TI_BRD_LIB\TI-C_Board\TI_Board_IO_asm.s
   Uses
      At line 46 in file TI_BRD_LIB\TI-C_Board\TI_Board_IO_asm.s
Comment: APB2PERIPH_BASE used once
GPIOE_BASE 40021000

Symbol: GPIOE_BASE
   Definitions
      At line 41 in file TI_BRD_LIB\TI-C_Board\TI_Board_IO_asm.s
   Uses
      At line 42 in file TI_BRD_LIB\TI-C_Board\TI_Board_IO_asm.s
Comment: GPIOE_BASE used once
GPIOG_BASE 40021800

Symbol: GPIOG_BASE
   Definitions
      At line 35 in file TI_BRD_LIB\TI-C_Board\TI_Board_IO_asm.s
   Uses
      At line 36 in file TI_BRD_LIB\TI-C_Board\TI_Board_IO_asm.s
      At line 37 in file TI_BRD_LIB\TI-C_Board\TI_Board_IO_asm.s
      At line 38 in file TI_BRD_LIB\TI-C_Board\TI_Board_IO_asm.s



ARM Macro Assembler    Page 2 Alphabetic symbol ordering
Absolute symbols


GPIO_E_PIN 40021010

Symbol: GPIO_E_PIN
   Definitions
      At line 42 in file TI_BRD_LIB\TI-C_Board\TI_Board_IO_asm.s
   Uses
      At line 20 in file TI_BRD_LIB\TI-C_Board\TI_Board_IO_asm.s
Comment: GPIO_E_PIN used once
GPIO_G_CLR 4002181A

Symbol: GPIO_G_CLR
   Definitions
      At line 37 in file TI_BRD_LIB\TI-C_Board\TI_Board_IO_asm.s
   Uses
      At line 18 in file TI_BRD_LIB\TI-C_Board\TI_Board_IO_asm.s
Comment: GPIO_G_CLR used once
GPIO_G_PIN 40021810

Symbol: GPIO_G_PIN
   Definitions
      At line 38 in file TI_BRD_LIB\TI-C_Board\TI_Board_IO_asm.s
   Uses
      At line 19 in file TI_BRD_LIB\TI-C_Board\TI_Board_IO_asm.s
Comment: GPIO_G_PIN used once
GPIO_G_SET 40021818

Symbol: GPIO_G_SET
   Definitions
      At line 36 in file TI_BRD_LIB\TI-C_Board\TI_Board_IO_asm.s
   Uses
      At line 17 in file TI_BRD_LIB\TI-C_Board\TI_Board_IO_asm.s
Comment: GPIO_G_SET used once
PERIPH_BASE 40000000

Symbol: PERIPH_BASE
   Definitions
      At line 25 in file TI_BRD_LIB\TI-C_Board\TI_Board_IO_asm.s
   Uses
      At line 26 in file TI_BRD_LIB\TI-C_Board\TI_Board_IO_asm.s
      At line 27 in file TI_BRD_LIB\TI-C_Board\TI_Board_IO_asm.s

RCC_APB1Periph_TIM7 00000020

Symbol: RCC_APB1Periph_TIM7
   Definitions
      At line 31 in file TI_BRD_LIB\TI-C_Board\TI_Board_IO_asm.s
   Uses
      At line 82 in file TI_BRD_LIB\TI-C_Board\TI_Board_IO_asm.s
Comment: RCC_APB1Periph_TIM7 used once
RCC_BASE 40023800

Symbol: RCC_BASE
   Definitions
      At line 29 in file TI_BRD_LIB\TI-C_Board\TI_Board_IO_asm.s
   Uses
      At line 80 in file TI_BRD_LIB\TI-C_Board\TI_Board_IO_asm.s
Comment: RCC_BASE used once
TIMx_ARR 0000002C



ARM Macro Assembler    Page 3 Alphabetic symbol ordering
Absolute symbols


Symbol: TIMx_ARR
   Definitions
      At line 58 in file TI_BRD_LIB\TI-C_Board\TI_Board_IO_asm.s
   Uses
      At line 89 in file TI_BRD_LIB\TI-C_Board\TI_Board_IO_asm.s
Comment: TIMx_ARR used once
TIMx_CNT 00000024

Symbol: TIMx_CNT
   Definitions
      At line 56 in file TI_BRD_LIB\TI-C_Board\TI_Board_IO_asm.s
   Uses
      At line 60 in file TI_BRD_LIB\TI-C_Board\TI_Board_IO_asm.s
Comment: TIMx_CNT used once
TIMx_CR1 00000000

Symbol: TIMx_CR1
   Definitions
      At line 51 in file TI_BRD_LIB\TI-C_Board\TI_Board_IO_asm.s
   Uses
      At line 93 in file TI_BRD_LIB\TI-C_Board\TI_Board_IO_asm.s
Comment: TIMx_CR1 used once
TIMx_CR2 00000004

Symbol: TIMx_CR2
   Definitions
      At line 52 in file TI_BRD_LIB\TI-C_Board\TI_Board_IO_asm.s
   Uses
      None
Comment: TIMx_CR2 unused
TIMx_DIER 0000000C

Symbol: TIMx_DIER
   Definitions
      At line 53 in file TI_BRD_LIB\TI-C_Board\TI_Board_IO_asm.s
   Uses
      None
Comment: TIMx_DIER unused
TIMx_EGR 00000014

Symbol: TIMx_EGR
   Definitions
      At line 55 in file TI_BRD_LIB\TI-C_Board\TI_Board_IO_asm.s
   Uses
      At line 91 in file TI_BRD_LIB\TI-C_Board\TI_Board_IO_asm.s
Comment: TIMx_EGR used once
TIMx_PSC 00000028

Symbol: TIMx_PSC
   Definitions
      At line 57 in file TI_BRD_LIB\TI-C_Board\TI_Board_IO_asm.s
   Uses
      At line 87 in file TI_BRD_LIB\TI-C_Board\TI_Board_IO_asm.s
Comment: TIMx_PSC used once
TIMx_SR 00000010

Symbol: TIMx_SR
   Definitions



ARM Macro Assembler    Page 4 Alphabetic symbol ordering
Absolute symbols

      At line 54 in file TI_BRD_LIB\TI-C_Board\TI_Board_IO_asm.s
   Uses
      None
Comment: TIMx_SR unused
timer 40001424

Symbol: timer
   Definitions
      At line 60 in file TI_BRD_LIB\TI-C_Board\TI_Board_IO_asm.s
   Uses
      At line 22 in file TI_BRD_LIB\TI-C_Board\TI_Board_IO_asm.s
Comment: timer used once
timer7_base 40001400

Symbol: timer7_base
   Definitions
      At line 50 in file TI_BRD_LIB\TI-C_Board\TI_Board_IO_asm.s
   Uses
      At line 60 in file TI_BRD_LIB\TI-C_Board\TI_Board_IO_asm.s
      At line 85 in file TI_BRD_LIB\TI-C_Board\TI_Board_IO_asm.s

24 symbols



ARM Macro Assembler    Page 1 Alphabetic symbol ordering
External symbols

TFT_cls 00000000

Symbol: TFT_cls
   Definitions
      At line 14 in file TI_BRD_LIB\TI-C_Board\TI_Board_IO_asm.s
   Uses
      At line 100 in file TI_BRD_LIB\TI-C_Board\TI_Board_IO_asm.s
Comment: TFT_cls used once
TFT_cursor_off 00000000

Symbol: TFT_cursor_off
   Definitions
      At line 13 in file TI_BRD_LIB\TI-C_Board\TI_Board_IO_asm.s
   Uses
      At line 99 in file TI_BRD_LIB\TI-C_Board\TI_Board_IO_asm.s
Comment: TFT_cursor_off used once
2 symbols
363 symbols in table
